Library/Bee/Android/Prj/IL2CPP/Gradle/launcher/build/intermediates/manifest_merge_blame_file/release/manifest-merger-blame-release-report.txt
1<?xml version="1.0" encoding="utf-8"?>
2<manifest xmlns:android="http://schemas.android.com/apk/res/android"
3    package="com.Mystificationstudio.RiseOfWest"
4    android:installLocation="preferExternal"
5    android:versionCode="1"
6    android:versionName="0.1" >
7
8    <uses-sdk
9        android:minSdkVersion="23"
9-->src\main\AndroidManifest.xml
10        android:targetSdkVersion="30" />
10-->src\main\AndroidManifest.xml
11
12    <supports-screens
12-->src\main\AndroidManifest.xml:3:3-163
13        android:anyDensity="true"
13-->src\main\AndroidManifest.xml:3:135-160
14        android:largeScreens="true"
14-->src\main\AndroidManifest.xml:3:78-105
15        android:normalScreens="true"
15-->src\main\AndroidManifest.xml:3:49-77
16        android:smallScreens="true"
16-->src\main\AndroidManifest.xml:3:21-48
17        android:xlargeScreens="true" />
17-->src\main\AndroidManifest.xml:3:106-134
18
19    <uses-feature android:glEsVersion="0x00030000" />
19-->[:unityLibrary] AndroidManifest.xml:12:5-54
19-->[:unityLibrary] AndroidManifest.xml:12:19-51
20    <uses-feature
20-->[:unityLibrary] AndroidManifest.xml:13:5-15:36
21        android:name="android.hardware.vulkan.version"
21-->[:unityLibrary] AndroidManifest.xml:14:9-55
22        android:required="false" />
22-->[:unityLibrary] AndroidManifest.xml:15:9-33
23    <uses-feature
23-->[:unityLibrary] AndroidManifest.xml:16:5-18:36
24        android:name="android.hardware.touchscreen"
24-->[:unityLibrary] AndroidManifest.xml:17:9-52
25        android:required="false" />
25-->[:unityLibrary] AndroidManifest.xml:18:9-33
26    <uses-feature
26-->[:unityLibrary] AndroidManifest.xml:19:5-21:36
27        android:name="android.hardware.touchscreen.multitouch"
27-->[:unityLibrary] AndroidManifest.xml:20:9-63
28        android:required="false" />
28-->[:unityLibrary] AndroidManifest.xml:21:9-33
29    <uses-feature
29-->[:unityLibrary] AndroidManifest.xml:22:5-24:36
30        android:name="android.hardware.touchscreen.multitouch.distinct"
30-->[:unityLibrary] AndroidManifest.xml:23:9-72
31        android:required="false" /> <!-- Although the *SdkVersion is captured in gradle build files, this is required for non gradle builds -->
31-->[:unityLibrary] AndroidManifest.xml:24:9-33
32    <!-- <uses-sdk android:minSdkVersion="14"/> -->
33    <uses-permission android:name="android.permission.ACCESS_NETWORK_STATE" />
33-->[com.google.firebase:firebase-database:20.2.2] AndroidManifest.xml:24:5-79
33-->[com.google.firebase:firebase-database:20.2.2] AndroidManifest.xml:24:22-76
34    <uses-permission android:name="android.permission.INTERNET" />
34-->[com.google.firebase:firebase-database:20.2.2] AndroidManifest.xml:25:5-67
34-->[com.google.firebase:firebase-database:20.2.2] AndroidManifest.xml:25:22-64
35    <uses-permission android:name="android.permission.WAKE_LOCK" />
35-->[com.google.android.gms:play-services-measurement-api:21.3.0] AndroidManifest.xml:24:5-68
35-->[com.google.android.gms:play-services-measurement-api:21.3.0] AndroidManifest.xml:24:22-65
36    <uses-permission android:name="com.google.android.gms.permission.AD_ID" />
36-->[com.google.android.gms:play-services-measurement-api:21.3.0] AndroidManifest.xml:25:5-79
36-->[com.google.android.gms:play-services-measurement-api:21.3.0] AndroidManifest.xml:25:22-76
37    <uses-permission android:name="com.google.android.finsky.permission.BIND_GET_INSTALL_REFERRER_SERVICE" />
37-->[com.google.android.gms:play-services-measurement:21.3.0] AndroidManifest.xml:26:5-110
37-->[com.google.android.gms:play-services-measurement:21.3.0] AndroidManifest.xml:26:22-107
38
39    <application
39-->src\main\AndroidManifest.xml:4:3-83
40        android:appComponentFactory="androidx.core.app.CoreComponentFactory"
40-->[androidx.core:core:1.2.0] AndroidManifest.xml:24:18-86
41        android:extractNativeLibs="true"
41-->[:unityLibrary] AndroidManifest.xml:26:18-50
42        android:icon="@mipmap/app_icon"
42-->src\main\AndroidManifest.xml:4:49-80
43        android:label="@string/app_name" >
43-->src\main\AndroidManifest.xml:4:16-48
44        <activity
44-->[:unityLibrary] AndroidManifest.xml:27:9-47:20
45            android:name="com.unity3d.player.UnityPlayerActivity"
45-->[:unityLibrary] AndroidManifest.xml:28:13-66
46            android:configChanges="mcc|mnc|locale|touchscreen|keyboard|keyboardHidden|navigation|orientation|screenLayout|uiMode|screenSize|smallestScreenSize|fontScale|layoutDirection|density"
46-->[:unityLibrary] AndroidManifest.xml:29:13-194
47            android:hardwareAccelerated="false"
47-->[:unityLibrary] AndroidManifest.xml:30:13-48
48            android:launchMode="singleTask"
48-->[:unityLibrary] AndroidManifest.xml:31:13-44
49            android:resizeableActivity="false"
49-->[:unityLibrary] AndroidManifest.xml:32:13-47
50            android:screenOrientation="landscape"
50-->[:unityLibrary] AndroidManifest.xml:33:13-50
51            android:theme="@style/UnityThemeSelector" >
51-->[:unityLibrary] AndroidManifest.xml:34:13-54
52            <intent-filter>
52-->[:unityLibrary] AndroidManifest.xml:35:13-39:29
53                <action android:name="android.intent.action.MAIN" />
53-->[:unityLibrary] AndroidManifest.xml:36:17-69
53-->[:unityLibrary] AndroidManifest.xml:36:25-66
54
55                <category android:name="android.intent.category.LAUNCHER" />
55-->[:unityLibrary] AndroidManifest.xml:38:17-77
55-->[:unityLibrary] AndroidManifest.xml:38:27-74
56            </intent-filter>
57
58            <meta-data
58-->[:unityLibrary] AndroidManifest.xml:41:13-43:40
59                android:name="unityplayer.UnityActivity"
59-->[:unityLibrary] AndroidManifest.xml:42:17-57
60                android:value="true" />
60-->[:unityLibrary] AndroidManifest.xml:43:17-37
61            <meta-data
61-->[:unityLibrary] AndroidManifest.xml:44:13-46:40
62                android:name="android.notch_support"
62-->[:unityLibrary] AndroidManifest.xml:45:17-53
63                android:value="true" />
63-->[:unityLibrary] AndroidManifest.xml:46:17-37
64        </activity>
65
66        <meta-data
66-->[:unityLibrary] AndroidManifest.xml:49:9-51:33
67            android:name="unity.splash-mode"
67-->[:unityLibrary] AndroidManifest.xml:50:13-45
68            android:value="0" />
68-->[:unityLibrary] AndroidManifest.xml:51:13-30
69        <meta-data
69-->[:unityLibrary] AndroidManifest.xml:52:9-54:36
70            android:name="unity.splash-enable"
70-->[:unityLibrary] AndroidManifest.xml:53:13-47
71            android:value="True" />
71-->[:unityLibrary] AndroidManifest.xml:54:13-33
72        <meta-data
72-->[:unityLibrary] AndroidManifest.xml:55:9-57:36
73            android:name="unity.launch-fullscreen"
73-->[:unityLibrary] AndroidManifest.xml:56:13-51
74            android:value="True" />
74-->[:unityLibrary] AndroidManifest.xml:57:13-33
75        <meta-data
75-->[:unityLibrary] AndroidManifest.xml:58:9-60:37
76            android:name="unity.allow-resizable-window"
76-->[:unityLibrary] AndroidManifest.xml:59:13-56
77            android:value="False" />
77-->[:unityLibrary] AndroidManifest.xml:60:13-34
78        <meta-data
78-->[:unityLibrary] AndroidManifest.xml:61:9-63:50
79            android:name="notch.config"
79-->[:unityLibrary] AndroidManifest.xml:62:13-40
80            android:value="portrait|landscape" />
80-->[:unityLibrary] AndroidManifest.xml:63:13-47
81
82        <service
82-->[com.google.firebase:firebase-database:20.2.2] AndroidManifest.xml:28:9-34:19
83            android:name="com.google.firebase.components.ComponentDiscoveryService"
83-->[com.google.firebase:firebase-database:20.2.2] AndroidManifest.xml:29:13-84
84            android:directBootAware="true"
84-->[com.google.firebase:firebase-common:20.3.3] AndroidManifest.xml:34:13-43
85            android:exported="false" >
85-->[com.google.firebase:firebase-database:20.2.2] AndroidManifest.xml:30:13-37
86            <meta-data
86-->[com.google.firebase:firebase-database:20.2.2] AndroidManifest.xml:31:13-33:85
87                android:name="com.google.firebase.components:com.google.firebase.database.DatabaseRegistrar"
87-->[com.google.firebase:firebase-database:20.2.2] AndroidManifest.xml:32:17-109
88                android:value="com.google.firebase.components.ComponentRegistrar" />
88-->[com.google.firebase:firebase-database:20.2.2] AndroidManifest.xml:33:17-82
89            <meta-data
89-->[com.google.firebase:firebase-auth:22.0.0] AndroidManifest.xml:69:13-71:85
90                android:name="com.google.firebase.components:com.google.firebase.auth.FirebaseAuthRegistrar"
90-->[com.google.firebase:firebase-auth:22.0.0] AndroidManifest.xml:70:17-109
91                android:value="com.google.firebase.components.ComponentRegistrar" />
91-->[com.google.firebase:firebase-auth:22.0.0] AndroidManifest.xml:71:17-82
92            <meta-data
92-->[com.google.android.gms:play-services-measurement-api:21.3.0] AndroidManifest.xml:31:13-33:85
93                android:name="com.google.firebase.components:com.google.firebase.analytics.connector.internal.AnalyticsConnectorRegistrar"
93-->[com.google.android.gms:play-services-measurement-api:21.3.0] AndroidManifest.xml:32:17-139
94                android:value="com.google.firebase.components.ComponentRegistrar" />
94-->[com.google.android.gms:play-services-measurement-api:21.3.0] AndroidManifest.xml:33:17-82
95            <meta-data
95-->[com.google.firebase:firebase-installations:17.0.1] AndroidManifest.xml:18:13-20:85
96                android:name="com.google.firebase.components:com.google.firebase.installations.FirebaseInstallationsRegistrar"
96-->[com.google.firebase:firebase-installations:17.0.1] AndroidManifest.xml:19:17-127
97                android:value="com.google.firebase.components.ComponentRegistrar" />
97-->[com.google.firebase:firebase-installations:17.0.1] AndroidManifest.xml:20:17-82
98        </service>
99
100        <activity
100-->[com.google.firebase:firebase-auth:22.0.0] AndroidManifest.xml:29:9-46:20
101            android:name="com.google.firebase.auth.internal.GenericIdpActivity"
101-->[com.google.firebase:firebase-auth:22.0.0] AndroidManifest.xml:30:13-80
102            android:excludeFromRecents="true"
102-->[com.google.firebase:firebase-auth:22.0.0] AndroidManifest.xml:31:13-46
103            android:exported="true"
103-->[com.google.firebase:firebase-auth:22.0.0] AndroidManifest.xml:32:13-36
104            android:launchMode="singleTask"
104-->[com.google.firebase:firebase-auth:22.0.0] AndroidManifest.xml:33:13-44
105            android:theme="@android:style/Theme.Translucent.NoTitleBar" >
105-->[com.google.firebase:firebase-auth:22.0.0] AndroidManifest.xml:34:13-72
106            <intent-filter>
106-->[com.google.firebase:firebase-auth:22.0.0] AndroidManifest.xml:35:13-45:29
107                <action android:name="android.intent.action.VIEW" />
107-->[com.google.firebase:firebase-auth:22.0.0] AndroidManifest.xml:36:17-69
107-->[com.google.firebase:firebase-auth:22.0.0] AndroidManifest.xml:36:25-66
108
109                <category android:name="android.intent.category.DEFAULT" />
109-->[com.google.firebase:firebase-auth:22.0.0] AndroidManifest.xml:38:17-76
109-->[com.google.firebase:firebase-auth:22.0.0] AndroidManifest.xml:38:27-73
110                <category android:name="android.intent.category.BROWSABLE" />
110-->[com.google.firebase:firebase-auth:22.0.0] AndroidManifest.xml:39:17-78
110-->[com.google.firebase:firebase-auth:22.0.0] AndroidManifest.xml:39:27-75
111
112                <data
112-->[com.google.firebase:firebase-auth:22.0.0] AndroidManifest.xml:41:17-44:51
113                    android:host="firebase.auth"
113-->[com.google.firebase:firebase-auth:22.0.0] AndroidManifest.xml:42:21-49
114                    android:path="/"
114-->[com.google.firebase:firebase-auth:22.0.0] AndroidManifest.xml:43:21-37
115                    android:scheme="genericidp" />
115-->[com.google.firebase:firebase-auth:22.0.0] AndroidManifest.xml:44:21-48
116            </intent-filter>
117        </activity>
118        <activity
118-->[com.google.firebase:firebase-auth:22.0.0] AndroidManifest.xml:47:9-64:20
119            android:name="com.google.firebase.auth.internal.RecaptchaActivity"
119-->[com.google.firebase:firebase-auth:22.0.0] AndroidManifest.xml:48:13-79
120            android:excludeFromRecents="true"
120-->[com.google.firebase:firebase-auth:22.0.0] AndroidManifest.xml:49:13-46
121            android:exported="true"
121-->[com.google.firebase:firebase-auth:22.0.0] AndroidManifest.xml:50:13-36
122            android:launchMode="singleTask"
122-->[com.google.firebase:firebase-auth:22.0.0] AndroidManifest.xml:51:13-44
123            android:theme="@android:style/Theme.Translucent.NoTitleBar" >
123-->[com.google.firebase:firebase-auth:22.0.0] AndroidManifest.xml:52:13-72
124            <intent-filter>
124-->[com.google.firebase:firebase-auth:22.0.0] AndroidManifest.xml:53:13-63:29
125                <action android:name="android.intent.action.VIEW" />
125-->[com.google.firebase:firebase-auth:22.0.0] AndroidManifest.xml:36:17-69
125-->[com.google.firebase:firebase-auth:22.0.0] AndroidManifest.xml:36:25-66
126
127                <category android:name="android.intent.category.DEFAULT" />
127-->[com.google.firebase:firebase-auth:22.0.0] AndroidManifest.xml:38:17-76
127-->[com.google.firebase:firebase-auth:22.0.0] AndroidManifest.xml:38:27-73
128                <category android:name="android.intent.category.BROWSABLE" />
128-->[com.google.firebase:firebase-auth:22.0.0] AndroidManifest.xml:39:17-78
128-->[com.google.firebase:firebase-auth:22.0.0] AndroidManifest.xml:39:27-75
129
130                <data
130-->[com.google.firebase:firebase-auth:22.0.0] AndroidManifest.xml:41:17-44:51
131                    android:host="firebase.auth"
131-->[com.google.firebase:firebase-auth:22.0.0] AndroidManifest.xml:42:21-49
132                    android:path="/"
132-->[com.google.firebase:firebase-auth:22.0.0] AndroidManifest.xml:43:21-37
133                    android:scheme="recaptcha" />
133-->[com.google.firebase:firebase-auth:22.0.0] AndroidManifest.xml:44:21-48
134            </intent-filter>
135        </activity>
136        <activity
136-->[com.google.android.gms:play-services-base:18.2.0] AndroidManifest.xml:20:9-22:45
137            android:name="com.google.android.gms.common.api.GoogleApiActivity"
137-->[com.google.android.gms:play-services-base:18.2.0] AndroidManifest.xml:20:19-85
138            android:exported="false"
138-->[com.google.android.gms:play-services-base:18.2.0] AndroidManifest.xml:22:19-43
139            android:theme="@android:style/Theme.Translucent.NoTitleBar" />
139-->[com.google.android.gms:play-services-base:18.2.0] AndroidManifest.xml:21:19-78
140
141        <provider
141-->[com.google.firebase:firebase-common:20.3.3] AndroidManifest.xml:25:9-30:39
142            android:name="com.google.firebase.provider.FirebaseInitProvider"
142-->[com.google.firebase:firebase-common:20.3.3] AndroidManifest.xml:26:13-77
143            android:authorities="com.Mystificationstudio.RiseOfWest.firebaseinitprovider"
143-->[com.google.firebase:firebase-common:20.3.3] AndroidManifest.xml:27:13-72
144            android:directBootAware="true"
144-->[com.google.firebase:firebase-common:20.3.3] AndroidManifest.xml:28:13-43
145            android:exported="false"
145-->[com.google.firebase:firebase-common:20.3.3] AndroidManifest.xml:29:13-37
146            android:initOrder="100" />
146-->[com.google.firebase:firebase-common:20.3.3] AndroidManifest.xml:30:13-36
147
148        <receiver
148-->[com.google.android.gms:play-services-measurement:21.3.0] AndroidManifest.xml:29:9-33:20
149            android:name="com.google.android.gms.measurement.AppMeasurementReceiver"
149-->[com.google.android.gms:play-services-measurement:21.3.0] AndroidManifest.xml:30:13-85
150            android:enabled="true"
150-->[com.google.android.gms:play-services-measurement:21.3.0] AndroidManifest.xml:31:13-35
151            android:exported="false" >
151-->[com.google.android.gms:play-services-measurement:21.3.0] AndroidManifest.xml:32:13-37
152        </receiver>
153
154        <service
154-->[com.google.android.gms:play-services-measurement:21.3.0] AndroidManifest.xml:35:9-38:40
155            android:name="com.google.android.gms.measurement.AppMeasurementService"
155-->[com.google.android.gms:play-services-measurement:21.3.0] AndroidManifest.xml:36:13-84
156            android:enabled="true"
156-->[com.google.android.gms:play-services-measurement:21.3.0] AndroidManifest.xml:37:13-35
157            android:exported="false" />
157-->[com.google.android.gms:play-services-measurement:21.3.0] AndroidManifest.xml:38:13-37
158        <service
158-->[com.google.android.gms:play-services-measurement:21.3.0] AndroidManifest.xml:39:9-43:72
159            android:name="com.google.android.gms.measurement.AppMeasurementJobService"
159-->[com.google.android.gms:play-services-measurement:21.3.0] AndroidManifest.xml:40:13-87
160            android:enabled="true"
160-->[com.google.android.gms:play-services-measurement:21.3.0] AndroidManifest.xml:41:13-35
161            android:exported="false"
161-->[com.google.android.gms:play-services-measurement:21.3.0] AndroidManifest.xml:42:13-37
162            android:permission="android.permission.BIND_JOB_SERVICE" />
162-->[com.google.android.gms:play-services-measurement:21.3.0] AndroidManifest.xml:43:13-69
163
164        <meta-data
164-->[com.google.android.gms:play-services-basement:18.1.0] AndroidManifest.xml:21:9-23:69
165            android:name="com.google.android.gms.version"
165-->[com.google.android.gms:play-services-basement:18.1.0] AndroidManifest.xml:22:13-58
166            android:value="@integer/google_play_services_version" />
166-->[com.google.android.gms:play-services-basement:18.1.0] AndroidManifest.xml:23:13-66
167    </application>
168
169</manifest>